*** Using Compiler 'V5.06 update 6 (build 750)', folder: 'D:\Keil_v5\ARM\ARMCC\Bin'
Rebuild target 'pro'
assembling startup_stm32f40_41xxx.s...
compiling stm32f4xx_exti.c...
compiling misc.c...
compiling stm32f4xx_syscfg.c...
compiling BaseTime_Init.c...
compiling stm32f4xx_rcc.c...
compiling stm32f4xx_usart.c...
compiling stm32f4xx_gpio.c...
compiling stm32f4xx_pwr.c...
compiling stm32f4xx_tim.c...
compiling stm32f4xx_adc.c...
compiling stm32f4xx_rtc.c...
compiling SoftwareIIC.c...
compiling at24c02.c...
compiling LED_Init.c...
compiling RTC.c...
compiling UltrasonicWave.c...
compiling Serial.c...
compiling NVIC_Init.c...
compiling PresistorConver.c...
compiling MQ135.c...
compiling ESP8266.c...
compiling GY30.c...
compiling Beep.c...
compiling Key.c...
compiling key_exti.c...
compiling system_stm32f4xx.c...
compiling KeyBoard.c...
compiling Relay.c...
..\HARDWARE\Relay.c(33): warning:  #1-D: last line of file ends without a newline
  }
..\HARDWARE\Relay.c: 1 warning, 0 errors
compiling oled.c...
compiling MFRC522.c...
compiling lcd_init.c...
compiling Delay.c...
..\SYSTEM\Delay.c(6): warning:  #550-D: variable "fac_us"  was set but never used
  static u8  fac_us=0;							//us—” ±±∂≥À ˝			   
..\SYSTEM\Delay.c: 1 warning, 0 errors
compiling FPM383C.c...
compiling task.c...
compiling lcd.c...
compiling list.c...
compiling event_groups.c...
compiling queue.c...
compiling tasks.c...
compiling timers.c...
compiling heap_4.c...
compiling BlueTooth.c...
compiling port.c...
compiling stm32f4xx_it.c...
compiling sys.c...
compiling DHT11.c...
compiling main.c...
main.c(390): warning:  #1-D: last line of file ends without a newline
  }
main.c: 1 warning, 0 errors
linking...
Program Size: Code=21384 RO-data=18748 RW-data=288 ZI-data=78592  
FromELF: creating hex file...
"..\OBJ\pro.axf" - 0 Error(s), 3 Warning(s).
Build Time Elapsed:  00:00:19
